<?xml version="1.0" encoding="UTF-8"?>
<!-- Generated by org.testng.reporters.JUnitReportReporter -->
<testsuite skipped="0" hostname="Shaveta-PC" name="MavenTestProject2018.LoginPage" tests="1" failures="0" timestamp="24 Jan 2018 17:21:16 GMT" time="7.943" errors="0">
  <testcase name="launchApp" time="7.943" classname="MavenTestProject2018.LoginPage"/>
</testsuite> <!-- MavenTestProject2018.LoginPage -->
